[2025-04-12 17:17:26] ASSISTANCE REQUEST - Type: fire, Location: Kolkata, Priority: medium
Description: lkm;lkm;l
Resources Needed: medical, transport

[2025-04-12 19:57:32] ASSISTANCE REQUEST - Type: medical, Location: Kolkata, Priority: medium
Description: heavy rainfall
Resources Needed: shelter

[2025-04-12 20:12:12] ASSISTANCE REQUEST - Type: medical, Location: Kolkata, Priority: medium
Description: fggg
Resources Needed: medical

[2025-04-12 20:40:20] ASSISTANCE REQUEST - Type: medical, Location: Kolkata, Priority: low
Description: dvffbxb
Resources Needed: medical

[2025-04-12 20:41:35] ASSISTANCE REQUEST - Type: medical, Location: Kolkata, Priority: medium
Description: heavy rainfall
Resources Needed: fire

[2025-04-12 20:45:39] ASSISTANCE REQUEST - Type: fire, Location: Kolkata, Priority: medium
Description: heavy rainfall
Resources Needed: fire

[2025-04-12 20:49:46] ASSISTANCE REQUEST - Type: fire, Location: Kolkata, Priority: medium
Description: grdfs
Resources Needed: rescue

[2025-04-13 00:17:39] ASSISTANCE REQUEST - Type: medical, Location: Kolkata, Priority: high
Description: bxv
Resources Needed: medical

[2025-04-14 09:54:10] ASSISTANCE REQUEST - Type: fire, Location: Kolkata, Priority: medium
Description: heavy rainfall
Resources Needed: medical, rescue

[2025-04-14 13:36:53] ASSISTANCE REQUEST - Type: fire, Location: Kolkata, Priority: critical
Description: dxgxgdfgdfx
Resources Needed: medical, fire

[2025-04-14 20:29:24] ASSISTANCE REQUEST - Type: medical, Location: kolkata, Priority: medium
Description: dvbfx
Resources Needed: fire, supplies

[2025-04-15 10:13:26] ASSISTANCE REQUEST - Type: fire, Location: Kolkata, Priority: high
Description: dbkjbwkjebwn
Resources Needed: medical, rescue

[2025-04-18 14:42:10] ASSISTANCE REQUEST - Type: fire, Location: Kolkata, Priority: medium
Description: highly critical
Resources Needed: medical, rescue

[2025-04-19 11:27:39] ASSISTANCE REQUEST - Type: medical, Location: Kolkata, Priority: medium
Description: critical
Resources Needed: medical, rescue

[2025-04-22 11:05:32] ASSISTANCE REQUEST - Type: medical, Location: Kolkata, Priority: medium
Description: help
Resources Needed: medical

[2025-04-26 21:39:28] ASSISTANCE REQUEST - Type: fire, Location: Kolkata, Priority: medium
Description: fdbgnndg
Resources Needed: medical

