[2025-04-12 17:16:45] INTELLIGENCE SHARED - Type: situation, Classification: sensitive
Title: hkusjhkuabhkah
Content: kjbhjbkubkuh
Shared with: 

[2025-04-12 17:17:05] INTELLIGENCE SHARED - Type: threat, Classification: standard
Title: hiukh
Content: kjbhjbkibh
Shared with: 

[2025-04-12 20:40:46] INTELLIGENCE SHARED - Type: resource, Classification: standard
Title: sdgg
Content: sdsvsdgg
Shared with: 

[2025-04-12 20:46:20] INTELLIGENCE SHARED - Type: threat, Classification: standard
Title: tell me the condition
Content: condition update
Shared with: 

[2025-04-12 20:51:58] INTELLIGENCE SHARED - Type: situation, Classification: standard
Title: hiukh
Content: bcvb xc  
Shared with: 

[2025-04-12 20:52:25] INTELLIGENCE SHARED - Type: situation, Classification: standard
Title: hiukh
Content: drgdg
Shared with: 

[2025-04-12 21:01:15] INTELLIGENCE SHARED - Type: threat, Classification: standard
Title: hkusjhkuabhkah
Content: fnhgfnn
Shared with: 

[2025-04-13 00:18:00] INTELLIGENCE SHARED - Type: threat, Classification: standard
Title: hkusjhkuabhkah
Content: cv vx
Shared with: 

[2025-04-14 09:54:47] INTELLIGENCE SHARED - Type: threat, Classification: sensitive
Title: tell me the condition
Content: of kolkata
Shared with: 

[2025-04-14 13:38:15] INTELLIGENCE SHARED - Type: situation, Classification: sensitive
Title: hiukh
Content: gyudrydrdr
Shared with: 

[2025-04-15 10:14:21] INTELLIGENCE SHARED - Type: situation, Classification: sensitive
Title: dfbdb
Content: erer
Shared with: 

