2025-04-12 11:23:43 - Status updated to: standby
2025-04-12 11:23:57 - Status updated to: standby
Notes: ok
2025-04-12 11:34:31 - Status updated to: maintenance
2025-04-12 11:34:37 - Status updated to: active
2025-04-12 11:42:11 - Status updated to: standby
2025-04-12 11:42:18 - Status updated to: offline
2025-04-12 11:48:54 - Status updated to: standby
2025-04-12 11:49:00 - Status updated to: active
2025-04-12 11:49:08 - Status updated to: offline
2025-04-12 11:49:42 - Status updated to: active
2025-04-12 11:49:50 - Status updated to: active
2025-04-12 11:50:25 - Status updated to: active
2025-04-12 11:55:11 - Status updated to: standby
2025-04-12 11:55:19 - Status updated to: active
2025-04-12 11:55:28 - Status updated to: active
2025-04-12 11:58:23 - Status updated to: active
2025-04-12 11:58:36 - Status updated to: standby
2025-04-12 11:58:49 - Status updated to: standby
2025-04-12 12:01:40 - Status updated to: emergency
2025-04-12 12:03:20 - Status updated to: maintenance
2025-04-12 12:03:31 - Status updated to: standby
2025-04-12 12:05:54 - Status updated to: maintenance
2025-04-12 12:06:06 - Status updated to: standby
2025-04-12 12:06:17 - Status updated to: active
2025-04-12 12:06:30 - Status updated to: maintenance
2025-04-12 12:10:40 - Status updated to: standby
Notes: pls cooperate
2025-04-12 12:10:51 - Status updated to: active
2025-04-12 12:11:02 - Status updated to: emergency
2025-04-12 12:12:15 - Status updated to: maintenance
2025-04-12 12:17:33 - Status updated to: maintenance
2025-04-12 12:21:43 - Status updated to: standby
2025-04-12 12:21:54 - Status updated to: active
2025-04-12 12:22:05 - Status updated to: standby
2025-04-12 12:22:13 - Status updated to: offline
2025-04-12 12:28:23 - Status updated to: standby
2025-04-12 12:28:38 - Status updated to: emergency
2025-04-12 12:29:15 - Status updated to: standby
2025-04-12 20:58:15 - Status updated to: emergency
Notes: gncgn
2025-04-14 09:51:52 - Status updated to: maintenance
Notes: the site under maintenance
2025-04-14 13:35:00 - Status updated to: maintenance
Notes: sdsdgdgdg
2025-04-14 13:53:16 - Status updated to: offline
Notes: setsrgerg
2025-04-15 10:12:01 - Status updated to: maintenance
Notes: website under mainatanence because of owner heartbreak

2025-04-15 10:12:25 - Status updated to: standby
2025-04-15 11:31:50 - Status updated to: standby
Notes: jgvyjgvhyjgvjg
2025-04-16 21:38:54 - Status updated to: maintenance
2025-04-17 11:53:45 - Status updated to: offline
2025-04-18 14:35:45 - Status updated to: maintenance
Notes: under maintenance
2025-04-19 11:26:59 - Status updated to: maintenance
Notes: under maintenance
2025-04-22 11:02:16 - Status updated to: maintenance
Notes: under maintenance
